[2026-02-12 07:18:19Z INFO HostContext] No proxy settings were found based on environmental variables (http_proxy/https_proxy/HTTP_PROXY/HTTPS_PROXY)
[2026-02-12 07:18:19Z INFO HostContext] Well known directory 'Bin': 'C:\Users\a7577\Desktop\final_uart_test\actions-runner\bin'
[2026-02-12 07:18:19Z INFO HostContext] Well known directory 'Root': 'C:\Users\a7577\Desktop\final_uart_test\actions-runner'
[2026-02-12 07:18:19Z INFO HostContext] Well known config file 'Credentials': 'C:\Users\a7577\Desktop\final_uart_test\actions-runner\.credentials'
[2026-02-12 07:18:19Z INFO HostContext] Well known directory 'Bin': 'C:\Users\a7577\Desktop\final_uart_test\actions-runner\bin'
[2026-02-12 07:18:19Z INFO HostContext] Well known directory 'Root': 'C:\Users\a7577\Desktop\final_uart_test\actions-runner'
[2026-02-12 07:18:19Z INFO HostContext] Well known config file 'Runner': 'C:\Users\a7577\Desktop\final_uart_test\actions-runner\.runner'
[2026-02-12 07:18:19Z INFO Listener] Runner is built for Windows (X64) - win-x64.
[2026-02-12 07:18:19Z INFO Listener] RuntimeInformation: Microsoft Windows 10.0.26100.
[2026-02-12 07:18:19Z INFO Listener] Version: 2.331.0
[2026-02-12 07:18:19Z INFO Listener] Commit: 39f6c643d3032f8795fa71f1482731ca90c8e038
[2026-02-12 07:18:19Z INFO Listener] Culture: en-IN
[2026-02-12 07:18:19Z INFO Listener] UI Culture: en-US
[2026-02-12 07:18:19Z INFO HostContext] Well known directory 'Bin': 'C:\Users\a7577\Desktop\final_uart_test\actions-runner\bin'
[2026-02-12 07:18:19Z INFO HostContext] Well known directory 'Root': 'C:\Users\a7577\Desktop\final_uart_test\actions-runner'
[2026-02-12 07:18:19Z INFO Listener] Validating directory permissions for: 'C:\Users\a7577\Desktop\final_uart_test\actions-runner'
[2026-02-12 07:18:19Z INFO CommandLineParser] Parse
[2026-02-12 07:18:19Z INFO CommandLineParser] Parsing 1 args
[2026-02-12 07:18:19Z INFO CommandLineParser] parsing argument
[2026-02-12 07:18:19Z INFO CommandLineParser] HasArgs: False
[2026-02-12 07:18:19Z INFO CommandLineParser] Adding Command: run
[2026-02-12 07:18:19Z INFO Listener] Arguments parsed
[2026-02-12 07:18:19Z INFO Runner] ExecuteCommand
[2026-02-12 07:18:19Z INFO ConfigurationStore] currentAssemblyLocation: C:\Users\a7577\Desktop\final_uart_test\actions-runner\bin\Runner.Listener.dll
[2026-02-12 07:18:19Z INFO HostContext] Well known directory 'Bin': 'C:\Users\a7577\Desktop\final_uart_test\actions-runner\bin'
[2026-02-12 07:18:19Z INFO ConfigurationStore] binPath: C:\Users\a7577\Desktop\final_uart_test\actions-runner\bin
[2026-02-12 07:18:19Z INFO HostContext] Well known directory 'Bin': 'C:\Users\a7577\Desktop\final_uart_test\actions-runner\bin'
[2026-02-12 07:18:19Z INFO HostContext] Well known directory 'Root': 'C:\Users\a7577\Desktop\final_uart_test\actions-runner'
[2026-02-12 07:18:19Z INFO ConfigurationStore] RootFolder: C:\Users\a7577\Desktop\final_uart_test\actions-runner
[2026-02-12 07:18:19Z INFO HostContext] Well known directory 'Bin': 'C:\Users\a7577\Desktop\final_uart_test\actions-runner\bin'
[2026-02-12 07:18:19Z INFO HostContext] Well known directory 'Root': 'C:\Users\a7577\Desktop\final_uart_test\actions-runner'
[2026-02-12 07:18:19Z INFO HostContext] Well known config file 'Runner': 'C:\Users\a7577\Desktop\final_uart_test\actions-runner\.runner'
[2026-02-12 07:18:19Z INFO ConfigurationStore] ConfigFilePath: C:\Users\a7577\Desktop\final_uart_test\actions-runner\.runner
[2026-02-12 07:18:19Z INFO HostContext] Well known directory 'Bin': 'C:\Users\a7577\Desktop\final_uart_test\actions-runner\bin'
[2026-02-12 07:18:19Z INFO HostContext] Well known directory 'Root': 'C:\Users\a7577\Desktop\final_uart_test\actions-runner'
[2026-02-12 07:18:19Z INFO HostContext] Well known config file 'MigratedRunner': 'C:\Users\a7577\Desktop\final_uart_test\actions-runner\.runner_migrated'
[2026-02-12 07:18:19Z INFO ConfigurationStore] MigratedConfigFilePath: C:\Users\a7577\Desktop\final_uart_test\actions-runner\.runner_migrated
[2026-02-12 07:18:19Z INFO HostContext] Well known directory 'Bin': 'C:\Users\a7577\Desktop\final_uart_test\actions-runner\bin'
[2026-02-12 07:18:19Z INFO HostContext] Well known directory 'Root': 'C:\Users\a7577\Desktop\final_uart_test\actions-runner'
[2026-02-12 07:18:19Z INFO HostContext] Well known config file 'Credentials': 'C:\Users\a7577\Desktop\final_uart_test\actions-runner\.credentials'
[2026-02-12 07:18:19Z INFO ConfigurationStore] CredFilePath: C:\Users\a7577\Desktop\final_uart_test\actions-runner\.credentials
[2026-02-12 07:18:19Z INFO HostContext] Well known directory 'Bin': 'C:\Users\a7577\Desktop\final_uart_test\actions-runner\bin'
[2026-02-12 07:18:19Z INFO HostContext] Well known directory 'Root': 'C:\Users\a7577\Desktop\final_uart_test\actions-runner'
[2026-02-12 07:18:19Z INFO HostContext] Well known config file 'MigratedCredentials': 'C:\Users\a7577\Desktop\final_uart_test\actions-runner\.credentials_migrated'
[2026-02-12 07:18:19Z INFO ConfigurationStore] MigratedCredFilePath: C:\Users\a7577\Desktop\final_uart_test\actions-runner\.credentials_migrated
[2026-02-12 07:18:19Z INFO HostContext] Well known directory 'Bin': 'C:\Users\a7577\Desktop\final_uart_test\actions-runner\bin'
[2026-02-12 07:18:19Z INFO HostContext] Well known directory 'Root': 'C:\Users\a7577\Desktop\final_uart_test\actions-runner'
[2026-02-12 07:18:19Z INFO HostContext] Well known config file 'Service': 'C:\Users\a7577\Desktop\final_uart_test\actions-runner\.service'
[2026-02-12 07:18:19Z INFO ConfigurationStore] ServiceConfigFilePath: C:\Users\a7577\Desktop\final_uart_test\actions-runner\.service
[2026-02-12 07:18:19Z INFO CommandSettings] Flag 'help': 'False'
[2026-02-12 07:18:19Z INFO CommandSettings] Flag 'version': 'False'
[2026-02-12 07:18:19Z INFO CommandSettings] Flag 'commit': 'False'
[2026-02-12 07:18:19Z INFO CommandSettings] Flag 'check': 'False'
[2026-02-12 07:18:19Z INFO CommandSettings] Command 'configure': 'False'
[2026-02-12 07:18:19Z INFO CommandSettings] Command 'remove': 'False'
[2026-02-12 07:18:19Z INFO CommandSettings] Command 'warmup': 'False'
[2026-02-12 07:18:19Z INFO ConfigurationManager] LoadSettings
[2026-02-12 07:18:19Z INFO ConfigurationStore] IsConfigured()
[2026-02-12 07:18:19Z INFO ConfigurationStore] IsConfigured: True
[2026-02-12 07:18:19Z INFO ConfigurationManager] Is configured: True
[2026-02-12 07:18:19Z INFO ConfigurationStore] Read setting file: 415 chars
[2026-02-12 07:18:19Z INFO ConfigurationManager] Settings Loaded
[2026-02-12 07:18:19Z INFO ConfigurationStore] IsServiceConfigured()
[2026-02-12 07:18:19Z INFO ConfigurationStore] IsServiceConfigured: False
[2026-02-12 07:18:19Z INFO CommandSettings] Command 'run': 'True'
[2026-02-12 07:18:19Z INFO ConfigurationStore] IsConfigured()
[2026-02-12 07:18:19Z INFO ConfigurationStore] IsConfigured: True
[2026-02-12 07:18:19Z INFO ConfigurationManager] Is configured: True
[2026-02-12 07:18:19Z INFO Runner] Could not parse the argument value '' for StartupType. Defaulting to Manual
[2026-02-12 07:18:19Z INFO Runner] Set runner startup type - Manual
[2026-02-12 07:18:19Z INFO CommandSettings] Flag 'once': 'False'
[2026-02-12 07:18:19Z INFO CommandSettings] Flag 'once': 'False'
[2026-02-12 07:18:19Z INFO Runner] RunAsync
[2026-02-12 07:18:19Z INFO ConfigurationManager] LoadMigratedSettings
[2026-02-12 07:18:19Z INFO ConfigurationStore] IsMigratedConfigured()
[2026-02-12 07:18:19Z INFO ConfigurationStore] IsMigratedConfigured: False
[2026-02-12 07:18:19Z INFO Runner] Failed to load migrated settings: No migrated configuration found.
[2026-02-12 07:18:19Z INFO Runner] Falling back to original .runner settings
[2026-02-12 07:18:19Z INFO Runner] Using BrokerMessageListener
[2026-02-12 07:18:19Z INFO BrokerMessageListener] Using provided settings
[2026-02-12 07:18:19Z INFO BrokerMessageListener] {
  "AgentId": 2,
  "AgentName": "ARMAAN7876",
  "PoolId": 1,
  "PoolName": "Default",
  "ServerUrl": "https://pipelinesghubeus6.actions.githubusercontent.com/HjXEsF4jf5ZpyVRiB6Vpj7YTZ35LyyxyVAOev4mNW24EISMS5q/",
  "GitHubUrl": "https://github.com/Armaan-khan786/Final_uart_validation_robot",
  "WorkFolder": "_work",
  "UseV2Flow": true,
  "ServerUrlV2": "https://broker.actions.githubusercontent.com/"
}
[2026-02-12 07:18:19Z INFO BrokerMessageListener] Loading Credentials
[2026-02-12 07:18:19Z INFO ConfigurationStore] HasCredentials()
[2026-02-12 07:18:19Z INFO ConfigurationStore] stored True
[2026-02-12 07:18:19Z INFO CredentialManager] GetCredentialProvider
[2026-02-12 07:18:19Z INFO CredentialManager] Creating type OAuth
[2026-02-12 07:18:19Z INFO CredentialManager] Creating credential type: OAuth
[2026-02-12 07:18:19Z INFO HostContext] Well known directory 'Bin': 'C:\Users\a7577\Desktop\final_uart_test\actions-runner\bin'
[2026-02-12 07:18:19Z INFO HostContext] Well known directory 'Root': 'C:\Users\a7577\Desktop\final_uart_test\actions-runner'
[2026-02-12 07:18:19Z INFO HostContext] Well known config file 'RSACredentials': 'C:\Users\a7577\Desktop\final_uart_test\actions-runner\.credentials_rsaparams'
[2026-02-12 07:18:19Z INFO RSAEncryptedFileKeyManager] Loading RSA key parameters from file C:\Users\a7577\Desktop\final_uart_test\actions-runner\.credentials_rsaparams
[2026-02-12 07:18:19Z INFO BrokerMessageListener] Attempt to create session.
[2026-02-12 07:18:19Z INFO BrokerMessageListener] Connecting to the Broker Server...
[2026-02-12 07:18:19Z INFO ConfigurationStore] HasCredentials()
[2026-02-12 07:18:19Z INFO ConfigurationStore] stored True
[2026-02-12 07:18:19Z INFO CredentialManager] GetCredentialProvider
[2026-02-12 07:18:19Z INFO CredentialManager] Creating type OAuth
[2026-02-12 07:18:19Z INFO CredentialManager] Creating credential type: OAuth
[2026-02-12 07:18:19Z INFO RSAEncryptedFileKeyManager] Loading RSA key parameters from file C:\Users\a7577\Desktop\final_uart_test\actions-runner\.credentials_rsaparams
[2026-02-12 07:18:19Z INFO BrokerMessageListener] VssConnection created
[2026-02-12 07:18:19Z INFO BrokerMessageListener] Connecting to the Runner server...
[2026-02-12 07:18:19Z INFO RunnerServer] EstablishVssConnection
[2026-02-12 07:18:19Z INFO RunnerServer] Establish connection with 100 seconds timeout.
[2026-02-12 07:18:19Z INFO GitHubActionsService] Starting operation Location.GetConnectionData
[2026-02-12 07:18:19Z INFO RunnerServer] EstablishVssConnection
[2026-02-12 07:18:19Z INFO RunnerServer] Establish connection with 60 seconds timeout.
[2026-02-12 07:18:19Z INFO GitHubActionsService] Starting operation Location.GetConnectionData
[2026-02-12 07:18:19Z INFO RunnerServer] EstablishVssConnection
[2026-02-12 07:18:19Z INFO RunnerServer] Establish connection with 60 seconds timeout.
[2026-02-12 07:18:19Z INFO GitHubActionsService] Starting operation Location.GetConnectionData
[2026-02-12 07:18:21Z INFO GitHubActionsService] Finished operation Location.GetConnectionData
[2026-02-12 07:18:21Z INFO GitHubActionsService] Finished operation Location.GetConnectionData
[2026-02-12 07:18:21Z INFO GitHubActionsService] Finished operation Location.GetConnectionData
[2026-02-12 07:18:21Z INFO BrokerMessageListener] VssConnection created
[2026-02-12 07:18:21Z INFO Terminal] WRITE LINE: 
[2026-02-12 07:18:21Z INFO Terminal] WRITE LINE: 
[2026-02-12 07:18:21Z INFO RSAEncryptedFileKeyManager] Loading RSA key parameters from file C:\Users\a7577\Desktop\final_uart_test\actions-runner\.credentials_rsaparams
[2026-02-12 07:18:21Z INFO RSAEncryptedFileKeyManager] Loading RSA key parameters from file C:\Users\a7577\Desktop\final_uart_test\actions-runner\.credentials_rsaparams
[2026-02-12 07:18:23Z INFO GitHubActionsService] AAD Correlation ID for this token request: Unknown
[2026-02-12 07:18:24Z INFO BrokerMessageListener] Session created.
[2026-02-12 07:18:24Z INFO Terminal] WRITE LINE: Current runner version: '2.331.0'
[2026-02-12 07:18:24Z INFO Terminal] WRITE LINE: 2026-02-12 07:18:24Z: Listening for Jobs
[2026-02-12 07:18:24Z INFO JobDispatcher] Set runner/worker IPC timeout to 30 seconds.
[2026-02-12 07:18:25Z INFO BrokerMessageListener] Acknowledging runner request '47ca9cdf-93dc-5d3c-829d-fea91944e610'.
[2026-02-12 07:18:26Z INFO ConfigurationStore] HasCredentials()
[2026-02-12 07:18:26Z INFO ConfigurationStore] stored True
[2026-02-12 07:18:26Z INFO CredentialManager] GetCredentialProvider
[2026-02-12 07:18:26Z INFO CredentialManager] Creating type OAuth
[2026-02-12 07:18:26Z INFO CredentialManager] Creating credential type: OAuth
[2026-02-12 07:18:26Z INFO RSAEncryptedFileKeyManager] Loading RSA key parameters from file C:\Users\a7577\Desktop\final_uart_test\actions-runner\.credentials_rsaparams
[2026-02-12 07:18:26Z INFO RSAEncryptedFileKeyManager] Loading RSA key parameters from file C:\Users\a7577\Desktop\final_uart_test\actions-runner\.credentials_rsaparams
[2026-02-12 07:18:26Z INFO RSAEncryptedFileKeyManager] Loading RSA key parameters from file C:\Users\a7577\Desktop\final_uart_test\actions-runner\.credentials_rsaparams
[2026-02-12 07:18:27Z INFO GitHubActionsService] AAD Correlation ID for this token request: Unknown
[2026-02-12 07:18:30Z INFO JobDispatcher] Job request 0 for plan a01654f5-821d-42f2-864c-a22cc6ae8519 job 47ca9cdf-93dc-5d3c-829d-fea91944e610 received.
[2026-02-12 07:18:30Z INFO JobDispatcher] Pull OrchestrationId a01654f5-821d-42f2-864c-a22cc6ae8519.uart-validation.__default from JWT claims
[2026-02-12 07:18:30Z INFO BrokerMessageListener] Received job status event. JobState: Busy
[2026-02-12 07:18:30Z INFO BrokerMessageListener] _getMessagesTokenSource is already disposed.
[2026-02-12 07:18:30Z INFO Terminal] WRITE LINE: 2026-02-12 07:18:30Z: Running job: uart-validation
[2026-02-12 07:18:30Z INFO JobDispatcher] Start renew job request 0 for job 47ca9cdf-93dc-5d3c-829d-fea91944e610.
[2026-02-12 07:18:32Z INFO JobDispatcher] Successfully renew job 47ca9cdf-93dc-5d3c-829d-fea91944e610, job is valid till 12-02-2026 07:28:31
[2026-02-12 07:18:32Z INFO HostContext] Well known directory 'Bin': 'C:\Users\a7577\Desktop\final_uart_test\actions-runner\bin'
[2026-02-12 07:18:32Z INFO ProcessInvokerWrapper] Starting process:
[2026-02-12 07:18:32Z INFO ProcessInvokerWrapper]   File name: 'C:\Users\a7577\Desktop\final_uart_test\actions-runner\bin\Runner.Worker.exe'
[2026-02-12 07:18:32Z INFO ProcessInvokerWrapper]   Arguments: 'spawnclient 2284 2312'
[2026-02-12 07:18:32Z INFO ProcessInvokerWrapper]   Working directory: 'C:\Users\a7577\Desktop\final_uart_test\actions-runner\bin'
[2026-02-12 07:18:32Z INFO ProcessInvokerWrapper]   Require exit code zero: 'False'
[2026-02-12 07:18:32Z INFO ProcessInvokerWrapper]   Encoding web name:  ; code page: ''
[2026-02-12 07:18:32Z INFO ProcessInvokerWrapper]   Force kill process on cancellation: 'True'
[2026-02-12 07:18:32Z INFO ProcessInvokerWrapper]   Redirected STDIN: 'False'
[2026-02-12 07:18:32Z INFO ProcessInvokerWrapper]   Persist current code page: 'False'
[2026-02-12 07:18:32Z INFO ProcessInvokerWrapper]   Keep redirected STDIN open: 'False'
[2026-02-12 07:18:32Z INFO ProcessInvokerWrapper]   High priority process: 'True'
[2026-02-12 07:18:32Z INFO ProcessInvokerWrapper] Process started with process id 3616, waiting for process exit.
[2026-02-12 07:18:32Z INFO JobDispatcher] Send job request message to worker for job 47ca9cdf-93dc-5d3c-829d-fea91944e610.
[2026-02-12 07:18:32Z INFO ProcessChannel] Sending message of length 23588, with hash '475855795e5b33cb86aac6bf8327142820dafcadf9d93c12ef8a83502637c30f'
[2026-02-12 07:18:32Z INFO JobNotification] Entering JobStarted Notification
[2026-02-12 07:18:32Z INFO JobNotification] Entering StartMonitor
[2026-02-12 07:19:32Z INFO JobDispatcher] Successfully renew job 47ca9cdf-93dc-5d3c-829d-fea91944e610, job is valid till 12-02-2026 07:29:32
[2026-02-12 07:20:33Z INFO JobDispatcher] Successfully renew job 47ca9cdf-93dc-5d3c-829d-fea91944e610, job is valid till 12-02-2026 07:30:32
[2026-02-12 07:21:34Z INFO JobDispatcher] Successfully renew job 47ca9cdf-93dc-5d3c-829d-fea91944e610, job is valid till 12-02-2026 07:31:34
[2026-02-12 07:22:35Z INFO JobDispatcher] Successfully renew job 47ca9cdf-93dc-5d3c-829d-fea91944e610, job is valid till 12-02-2026 07:32:35
[2026-02-12 07:23:35Z INFO JobDispatcher] Successfully renew job 47ca9cdf-93dc-5d3c-829d-fea91944e610, job is valid till 12-02-2026 07:33:35
[2026-02-12 07:24:36Z INFO JobDispatcher] Successfully renew job 47ca9cdf-93dc-5d3c-829d-fea91944e610, job is valid till 12-02-2026 07:34:35
[2026-02-12 07:25:37Z INFO JobDispatcher] Successfully renew job 47ca9cdf-93dc-5d3c-829d-fea91944e610, job is valid till 12-02-2026 07:35:36
[2026-02-12 07:26:37Z INFO JobDispatcher] Successfully renew job 47ca9cdf-93dc-5d3c-829d-fea91944e610, job is valid till 12-02-2026 07:36:37
[2026-02-12 07:27:40Z INFO JobDispatcher] Successfully renew job 47ca9cdf-93dc-5d3c-829d-fea91944e610, job is valid till 12-02-2026 07:37:39
[2026-02-12 07:29:02Z INFO JobDispatcher] Successfully renew job 47ca9cdf-93dc-5d3c-829d-fea91944e610, job is valid till 12-02-2026 07:39:02
[2026-02-12 07:30:24Z INFO JobDispatcher] Successfully renew job 47ca9cdf-93dc-5d3c-829d-fea91944e610, job is valid till 12-02-2026 07:40:24
[2026-02-12 07:31:47Z INFO JobDispatcher] Successfully renew job 47ca9cdf-93dc-5d3c-829d-fea91944e610, job is valid till 12-02-2026 07:41:46
[2026-02-12 07:34:14Z WARN GitHubActionsService] Attempt 1 of POST request to https://run-actions-3-azure-eastus.actions.githubusercontent.com/90/renewjob failed (Socket Error: ConnectionReset). The operation will be retried in 11.18 seconds.
[2026-02-12 07:34:27Z INFO JobDispatcher] Successfully renew job 47ca9cdf-93dc-5d3c-829d-fea91944e610, job is valid till 12-02-2026 07:44:26
[2026-02-12 07:35:27Z INFO JobDispatcher] Successfully renew job 47ca9cdf-93dc-5d3c-829d-fea91944e610, job is valid till 12-02-2026 07:45:27
[2026-02-12 07:36:27Z INFO JobDispatcher] Successfully renew job 47ca9cdf-93dc-5d3c-829d-fea91944e610, job is valid till 12-02-2026 07:46:27
[2026-02-12 07:37:28Z INFO JobDispatcher] Successfully renew job 47ca9cdf-93dc-5d3c-829d-fea91944e610, job is valid till 12-02-2026 07:47:27
[2026-02-12 07:38:28Z INFO JobDispatcher] Successfully renew job 47ca9cdf-93dc-5d3c-829d-fea91944e610, job is valid till 12-02-2026 07:48:28
[2026-02-12 07:39:29Z INFO JobDispatcher] Successfully renew job 47ca9cdf-93dc-5d3c-829d-fea91944e610, job is valid till 12-02-2026 07:49:28
[2026-02-12 07:40:29Z INFO JobDispatcher] Successfully renew job 47ca9cdf-93dc-5d3c-829d-fea91944e610, job is valid till 12-02-2026 07:50:29
[2026-02-12 07:41:30Z INFO JobDispatcher] Successfully renew job 47ca9cdf-93dc-5d3c-829d-fea91944e610, job is valid till 12-02-2026 07:51:29
[2026-02-12 07:42:30Z INFO JobDispatcher] Successfully renew job 47ca9cdf-93dc-5d3c-829d-fea91944e610, job is valid till 12-02-2026 07:52:30
[2026-02-12 07:43:30Z INFO JobDispatcher] Successfully renew job 47ca9cdf-93dc-5d3c-829d-fea91944e610, job is valid till 12-02-2026 07:53:30
[2026-02-12 07:44:31Z INFO JobDispatcher] Successfully renew job 47ca9cdf-93dc-5d3c-829d-fea91944e610, job is valid till 12-02-2026 07:54:31
[2026-02-12 07:45:31Z INFO JobDispatcher] Successfully renew job 47ca9cdf-93dc-5d3c-829d-fea91944e610, job is valid till 12-02-2026 07:55:31
[2026-02-12 07:46:32Z INFO JobDispatcher] Successfully renew job 47ca9cdf-93dc-5d3c-829d-fea91944e610, job is valid till 12-02-2026 07:56:31
[2026-02-12 07:47:32Z INFO JobDispatcher] Successfully renew job 47ca9cdf-93dc-5d3c-829d-fea91944e610, job is valid till 12-02-2026 07:57:32
[2026-02-12 07:48:32Z INFO JobDispatcher] Successfully renew job 47ca9cdf-93dc-5d3c-829d-fea91944e610, job is valid till 12-02-2026 07:58:32
[2026-02-12 07:49:33Z INFO JobDispatcher] Successfully renew job 47ca9cdf-93dc-5d3c-829d-fea91944e610, job is valid till 12-02-2026 07:59:32
[2026-02-12 07:50:33Z INFO JobDispatcher] Successfully renew job 47ca9cdf-93dc-5d3c-829d-fea91944e610, job is valid till 12-02-2026 08:00:33
[2026-02-12 07:51:33Z INFO JobDispatcher] Successfully renew job 47ca9cdf-93dc-5d3c-829d-fea91944e610, job is valid till 12-02-2026 08:01:33
[2026-02-12 07:52:34Z INFO JobDispatcher] Successfully renew job 47ca9cdf-93dc-5d3c-829d-fea91944e610, job is valid till 12-02-2026 08:02:33
[2026-02-12 07:53:34Z INFO JobDispatcher] Successfully renew job 47ca9cdf-93dc-5d3c-829d-fea91944e610, job is valid till 12-02-2026 08:03:34
[2026-02-12 07:53:39Z INFO ProcessInvokerWrapper] STDOUT/STDERR stream read finished.
[2026-02-12 07:53:39Z INFO ProcessInvokerWrapper] STDOUT/STDERR stream read finished.
[2026-02-12 07:53:39Z INFO ProcessInvokerWrapper] Finished process 3616 with exit code 102, and elapsed time 00:35:07.7585315.
[2026-02-12 07:53:39Z INFO JobDispatcher] Worker finished for job 47ca9cdf-93dc-5d3c-829d-fea91944e610. Code: 102
[2026-02-12 07:53:39Z INFO JobDispatcher] finish job request for job 47ca9cdf-93dc-5d3c-829d-fea91944e610 with result: Failed
[2026-02-12 07:53:39Z INFO Terminal] WRITE LINE: 2026-02-12 07:53:39Z: Job uart-validation completed with result: Failed
[2026-02-12 07:53:39Z INFO JobDispatcher] Stop renew job request for job 47ca9cdf-93dc-5d3c-829d-fea91944e610.
[2026-02-12 07:53:39Z INFO JobDispatcher] job renew has been cancelled, stop renew job 47ca9cdf-93dc-5d3c-829d-fea91944e610.
[2026-02-12 07:53:39Z INFO JobNotification] Entering JobCompleted Notification
[2026-02-12 07:53:39Z INFO JobNotification] Entering EndMonitor
[2026-02-12 07:53:39Z INFO BrokerMessageListener] Received job status event. JobState: Online
[2026-02-12 07:53:39Z WARN GitHubActionsService] GET request to https://broker.actions.githubusercontent.com/message?sessionId=4fee2774-e161-4c97-81d5-f2e9210df3a1&status=Busy&runnerVersion=2.331.0&os=Windows&architecture=X64&disableUpdate=false has been cancelled.
[2026-02-12 07:53:39Z ERR  BrokerServer] Catch exception during request
[2026-02-12 07:53:39Z ERR  BrokerServer] System.Threading.Tasks.TaskCanceledException: The operation was canceled.
 ---> System.Threading.Tasks.TaskCanceledException: The operation was canceled.
 ---> System.IO.IOException: Unable to read data from the transport connection: The I/O operation has been aborted because of either a thread exit or an application request..
 ---> System.Net.Sockets.SocketException (995): The I/O operation has been aborted because of either a thread exit or an application request.
   --- End of inner exception stack trace ---
   at System.Net.Sockets.Socket.AwaitableSocketAsyncEventArgs.ThrowException(SocketError error, CancellationToken cancellationToken)
   at System.Net.Sockets.Socket.AwaitableSocketAsyncEventArgs.System.Threading.Tasks.Sources.IValueTaskSource<System.Int32>.GetResult(Int16 token)
   at System.Net.Security.SslStream.EnsureFullTlsFrameAsync[TIOAdapter](CancellationToken cancellationToken, Int32 estimatedSize)
   at System.Runtime.CompilerServices.PoolingAsyncValueTaskMethodBuilder`1.StateMachineBox`1.System.Threading.Tasks.Sources.IValueTaskSource<TResult>.GetResult(Int16 token)
   at System.Net.Security.SslStream.ReadAsyncInternal[TIOAdapter](Memory`1 buffer, CancellationToken cancellationToken)
   at System.Runtime.CompilerServices.PoolingAsyncValueTaskMethodBuilder`1.StateMachineBox`1.System.Threading.Tasks.Sources.IValueTaskSource<TResult>.GetResult(Int16 token)
   at System.Net.Http.HttpConnection.SendAsync(HttpRequestMessage request, Boolean async, CancellationToken cancellationToken)
   --- End of inner exception stack trace ---
   at System.Net.Http.HttpConnection.SendAsync(HttpRequestMessage request, Boolean async, CancellationToken cancellationToken)
   at System.Net.Http.AuthenticationHelper.SendWithNtAuthAsync(HttpRequestMessage request, Uri authUri, Boolean async, ICredentials credentials, Boolean isProxyAuth, HttpConnection connection, HttpConnectionPool connectionPool, CancellationToken cancellationToken)
   at System.Net.Http.HttpConnectionPool.SendWithVersionDetectionAndRetryAsync(HttpRequestMessage request, Boolean async, Boolean doRequestAuth, CancellationToken cancellationToken)
   at System.Net.Http.AuthenticationHelper.SendWithAuthAsync(HttpRequestMessage request, Uri authUri, Boolean async, ICredentials credentials, Boolean preAuthenticate, Boolean isProxyAuth, Boolean doRequestAuth, HttpConnectionPool pool, CancellationToken cancellationToken)
   at System.Net.Http.RedirectHandler.SendAsync(HttpRequestMessage request, Boolean async, CancellationToken cancellationToken)
   at GitHub.Services.Common.RawHttpMessageHandler.SendAsync(HttpRequestMessage request, CancellationToken cancellationToken)
   at GitHub.Services.Common.VssHttpRetryMessageHandler.SendAsync(HttpRequestMessage request, CancellationToken cancellationToken)
   at System.Net.Http.HttpClient.<SendAsync>g__Core|83_0(HttpRequestMessage request, HttpCompletionOption completionOption, CancellationTokenSource cts, Boolean disposeCts, CancellationTokenSource pendingRequestsCts, CancellationToken originalCancellationToken)
   --- End of inner exception stack trace ---
   at System.Net.Http.HttpClient.HandleFailure(Exception e, Boolean telemetryStarted, HttpResponseMessage response, CancellationTokenSource cts, CancellationToken cancellationToken, CancellationTokenSource pendingRequestsCts)
   at System.Net.Http.HttpClient.<SendAsync>g__Core|83_0(HttpRequestMessage request, HttpCompletionOption completionOption, CancellationTokenSource cts, Boolean disposeCts, CancellationTokenSource pendingRequestsCts, CancellationToken originalCancellationToken)
   at Sdk.WebApi.WebApi.RawHttpClientBase.SendAsync(HttpRequestMessage message, HttpCompletionOption completionOption, Object userState, CancellationToken cancellationToken)
   at Sdk.WebApi.WebApi.RawHttpClientBase.SendAsync[T](HttpRequestMessage message, Boolean readErrorBody, Object userState, CancellationToken cancellationToken)
   at Sdk.WebApi.WebApi.RawHttpClientBase.SendAsync[T](HttpMethod method, IEnumerable`1 additionalHeaders, Uri requestUri, HttpContent content, IEnumerable`1 queryParameters, Boolean readErrorBody, Object userState, CancellationToken cancellationToken)
   at GitHub.Actions.RunService.WebApi.BrokerHttpClient.GetRunnerMessageAsync(Nullable`1 sessionId, String runnerVersion, Nullable`1 status, String os, String architecture, Nullable`1 disableUpdate, CancellationToken cancellationToken)
   at GitHub.Runner.Common.BrokerServer.<>c__DisplayClass7_0.<<GetRunnerMessageAsync>b__0>d.MoveNext()
--- End of stack trace from previous location ---
   at GitHub.Runner.Common.RunnerService.RetryRequest[T](Func`1 func, CancellationToken cancellationToken, Int32 maxAttempts, Func`2 shouldRetry)
[2026-02-12 07:53:39Z ERR  BrokerServer] #####################################################
[2026-02-12 07:53:39Z ERR  BrokerServer] System.Threading.Tasks.TaskCanceledException: The operation was canceled.
 ---> System.IO.IOException: Unable to read data from the transport connection: The I/O operation has been aborted because of either a thread exit or an application request..
 ---> System.Net.Sockets.SocketException (995): The I/O operation has been aborted because of either a thread exit or an application request.
   --- End of inner exception stack trace ---
   at System.Net.Sockets.Socket.AwaitableSocketAsyncEventArgs.ThrowException(SocketError error, CancellationToken cancellationToken)
   at System.Net.Sockets.Socket.AwaitableSocketAsyncEventArgs.System.Threading.Tasks.Sources.IValueTaskSource<System.Int32>.GetResult(Int16 token)
   at System.Net.Security.SslStream.EnsureFullTlsFrameAsync[TIOAdapter](CancellationToken cancellationToken, Int32 estimatedSize)
   at System.Runtime.CompilerServices.PoolingAsyncValueTaskMethodBuilder`1.StateMachineBox`1.System.Threading.Tasks.Sources.IValueTaskSource<TResult>.GetResult(Int16 token)
   at System.Net.Security.SslStream.ReadAsyncInternal[TIOAdapter](Memory`1 buffer, CancellationToken cancellationToken)
   at System.Runtime.CompilerServices.PoolingAsyncValueTaskMethodBuilder`1.StateMachineBox`1.System.Threading.Tasks.Sources.IValueTaskSource<TResult>.GetResult(Int16 token)
   at System.Net.Http.HttpConnection.SendAsync(HttpRequestMessage request, Boolean async, CancellationToken cancellationToken)
   --- End of inner exception stack trace ---
   at System.Net.Http.HttpConnection.SendAsync(HttpRequestMessage request, Boolean async, CancellationToken cancellationToken)
   at System.Net.Http.AuthenticationHelper.SendWithNtAuthAsync(HttpRequestMessage request, Uri authUri, Boolean async, ICredentials credentials, Boolean isProxyAuth, HttpConnection connection, HttpConnectionPool connectionPool, CancellationToken cancellationToken)
   at System.Net.Http.HttpConnectionPool.SendWithVersionDetectionAndRetryAsync(HttpRequestMessage request, Boolean async, Boolean doRequestAuth, CancellationToken cancellationToken)
   at System.Net.Http.AuthenticationHelper.SendWithAuthAsync(HttpRequestMessage request, Uri authUri, Boolean async, ICredentials credentials, Boolean preAuthenticate, Boolean isProxyAuth, Boolean doRequestAuth, HttpConnectionPool pool, CancellationToken cancellationToken)
   at System.Net.Http.RedirectHandler.SendAsync(HttpRequestMessage request, Boolean async, CancellationToken cancellationToken)
   at GitHub.Services.Common.RawHttpMessageHandler.SendAsync(HttpRequestMessage request, CancellationToken cancellationToken)
   at GitHub.Services.Common.VssHttpRetryMessageHandler.SendAsync(HttpRequestMessage request, CancellationToken cancellationToken)
   at System.Net.Http.HttpClient.<SendAsync>g__Core|83_0(HttpRequestMessage request, HttpCompletionOption completionOption, CancellationTokenSource cts, Boolean disposeCts, CancellationTokenSource pendingRequestsCts, CancellationToken originalCancellationToken)
[2026-02-12 07:53:39Z ERR  BrokerServer] #####################################################
[2026-02-12 07:53:39Z ERR  BrokerServer] System.IO.IOException: Unable to read data from the transport connection: The I/O operation has been aborted because of either a thread exit or an application request..
 ---> System.Net.Sockets.SocketException (995): The I/O operation has been aborted because of either a thread exit or an application request.
   --- End of inner exception stack trace ---
   at System.Net.Sockets.Socket.AwaitableSocketAsyncEventArgs.ThrowException(SocketError error, CancellationToken cancellationToken)
   at System.Net.Sockets.Socket.AwaitableSocketAsyncEventArgs.System.Threading.Tasks.Sources.IValueTaskSource<System.Int32>.GetResult(Int16 token)
   at System.Net.Security.SslStream.EnsureFullTlsFrameAsync[TIOAdapter](CancellationToken cancellationToken, Int32 estimatedSize)
   at System.Runtime.CompilerServices.PoolingAsyncValueTaskMethodBuilder`1.StateMachineBox`1.System.Threading.Tasks.Sources.IValueTaskSource<TResult>.GetResult(Int16 token)
   at System.Net.Security.SslStream.ReadAsyncInternal[TIOAdapter](Memory`1 buffer, CancellationToken cancellationToken)
   at System.Runtime.CompilerServices.PoolingAsyncValueTaskMethodBuilder`1.StateMachineBox`1.System.Threading.Tasks.Sources.IValueTaskSource<TResult>.GetResult(Int16 token)
   at System.Net.Http.HttpConnection.SendAsync(HttpRequestMessage request, Boolean async, CancellationToken cancellationToken)
[2026-02-12 07:53:39Z ERR  BrokerServer] #####################################################
[2026-02-12 07:53:39Z ERR  BrokerServer] System.Net.Sockets.SocketException (995): The I/O operation has been aborted because of either a thread exit or an application request.
[2026-02-12 07:53:39Z WARN BrokerServer] Back off 5.943 seconds before next retry. 4 attempt left.
[2026-02-12 07:53:39Z INFO BrokerMessageListener] Get messages has been cancelled using local token source. Continue to get messages with new status.
[2026-02-12 08:06:37Z INFO Terminal] WRITE LINE: Exiting...
[2026-02-12 08:06:37Z INFO ConfigurationStore] IsServiceConfigured()
[2026-02-12 08:06:37Z INFO ConfigurationStore] IsServiceConfigured: False
[2026-02-12 08:06:37Z INFO HostContext] Runner will be shutdown for UserCancelled
[2026-02-12 08:06:37Z WARN GitHubActionsService] GET request to https://broker.actions.githubusercontent.com/message?sessionId=4fee2774-e161-4c97-81d5-f2e9210df3a1&status=Online&runnerVersion=2.331.0&os=Windows&architecture=X64&disableUpdate=false has been cancelled.
[2026-02-12 08:06:37Z ERR  BrokerServer] Catch exception during request
[2026-02-12 08:06:37Z ERR  BrokerServer] System.Threading.Tasks.TaskCanceledException: The operation was canceled.
 ---> System.Threading.Tasks.TaskCanceledException: The operation was canceled.
 ---> System.IO.IOException: Unable to read data from the transport connection: The I/O operation has been aborted because of either a thread exit or an application request..
 ---> System.Net.Sockets.SocketException (995): The I/O operation has been aborted because of either a thread exit or an application request.
   --- End of inner exception stack trace ---
   at System.Net.Sockets.Socket.AwaitableSocketAsyncEventArgs.ThrowException(SocketError error, CancellationToken cancellationToken)
   at System.Net.Sockets.Socket.AwaitableSocketAsyncEventArgs.System.Threading.Tasks.Sources.IValueTaskSource<System.Int32>.GetResult(Int16 token)
   at System.Net.Security.SslStream.EnsureFullTlsFrameAsync[TIOAdapter](CancellationToken cancellationToken, Int32 estimatedSize)
   at System.Runtime.CompilerServices.PoolingAsyncValueTaskMethodBuilder`1.StateMachineBox`1.System.Threading.Tasks.Sources.IValueTaskSource<TResult>.GetResult(Int16 token)
   at System.Net.Security.SslStream.ReadAsyncInternal[TIOAdapter](Memory`1 buffer, CancellationToken cancellationToken)
   at System.Runtime.CompilerServices.PoolingAsyncValueTaskMethodBuilder`1.StateMachineBox`1.System.Threading.Tasks.Sources.IValueTaskSource<TResult>.GetResult(Int16 token)
   at System.Net.Http.HttpConnection.SendAsync(HttpRequestMessage request, Boolean async, CancellationToken cancellationToken)
   --- End of inner exception stack trace ---
   at System.Net.Http.HttpConnection.SendAsync(HttpRequestMessage request, Boolean async, CancellationToken cancellationToken)
   at System.Net.Http.AuthenticationHelper.SendWithNtAuthAsync(HttpRequestMessage request, Uri authUri, Boolean async, ICredentials credentials, Boolean isProxyAuth, HttpConnection connection, HttpConnectionPool connectionPool, CancellationToken cancellationToken)
   at System.Net.Http.HttpConnectionPool.SendWithVersionDetectionAndRetryAsync(HttpRequestMessage request, Boolean async, Boolean doRequestAuth, CancellationToken cancellationToken)
   at System.Net.Http.AuthenticationHelper.SendWithAuthAsync(HttpRequestMessage request, Uri authUri, Boolean async, ICredentials credentials, Boolean preAuthenticate, Boolean isProxyAuth, Boolean doRequestAuth, HttpConnectionPool pool, CancellationToken cancellationToken)
   at System.Net.Http.RedirectHandler.SendAsync(HttpRequestMessage request, Boolean async, CancellationToken cancellationToken)
   at GitHub.Services.Common.RawHttpMessageHandler.SendAsync(HttpRequestMessage request, CancellationToken cancellationToken)
   at GitHub.Services.Common.VssHttpRetryMessageHandler.SendAsync(HttpRequestMessage request, CancellationToken cancellationToken)
   at System.Net.Http.HttpClient.<SendAsync>g__Core|83_0(HttpRequestMessage request, HttpCompletionOption completionOption, CancellationTokenSource cts, Boolean disposeCts, CancellationTokenSource pendingRequestsCts, CancellationToken originalCancellationToken)
   --- End of inner exception stack trace ---
   at System.Net.Http.HttpClient.HandleFailure(Exception e, Boolean telemetryStarted, HttpResponseMessage response, CancellationTokenSource cts, CancellationToken cancellationToken, CancellationTokenSource pendingRequestsCts)
   at System.Net.Http.HttpClient.<SendAsync>g__Core|83_0(HttpRequestMessage request, HttpCompletionOption completionOption, CancellationTokenSource cts, Boolean disposeCts, CancellationTokenSource pendingRequestsCts, CancellationToken originalCancellationToken)
   at Sdk.WebApi.WebApi.RawHttpClientBase.SendAsync(HttpRequestMessage message, HttpCompletionOption completionOption, Object userState, CancellationToken cancellationToken)
   at Sdk.WebApi.WebApi.RawHttpClientBase.SendAsync[T](HttpRequestMessage message, Boolean readErrorBody, Object userState, CancellationToken cancellationToken)
   at Sdk.WebApi.WebApi.RawHttpClientBase.SendAsync[T](HttpMethod method, IEnumerable`1 additionalHeaders, Uri requestUri, HttpContent content, IEnumerable`1 queryParameters, Boolean readErrorBody, Object userState, CancellationToken cancellationToken)
   at GitHub.Actions.RunService.WebApi.BrokerHttpClient.GetRunnerMessageAsync(Nullable`1 sessionId, String runnerVersion, Nullable`1 status, String os, String architecture, Nullable`1 disableUpdate, CancellationToken cancellationToken)
   at GitHub.Runner.Common.BrokerServer.<>c__DisplayClass7_0.<<GetRunnerMessageAsync>b__0>d.MoveNext()
--- End of stack trace from previous location ---
   at GitHub.Runner.Common.RunnerService.RetryRequest[T](Func`1 func, CancellationToken cancellationToken, Int32 maxAttempts, Func`2 shouldRetry)
[2026-02-12 08:06:37Z ERR  BrokerServer] #####################################################
[2026-02-12 08:06:37Z ERR  BrokerServer] System.Threading.Tasks.TaskCanceledException: The operation was canceled.
 ---> System.IO.IOException: Unable to read data from the transport connection: The I/O operation has been aborted because of either a thread exit or an application request..
 ---> System.Net.Sockets.SocketException (995): The I/O operation has been aborted because of either a thread exit or an application request.
   --- End of inner exception stack trace ---
   at System.Net.Sockets.Socket.AwaitableSocketAsyncEventArgs.ThrowException(SocketError error, CancellationToken cancellationToken)
   at System.Net.Sockets.Socket.AwaitableSocketAsyncEventArgs.System.Threading.Tasks.Sources.IValueTaskSource<System.Int32>.GetResult(Int16 token)
   at System.Net.Security.SslStream.EnsureFullTlsFrameAsync[TIOAdapter](CancellationToken cancellationToken, Int32 estimatedSize)
   at System.Runtime.CompilerServices.PoolingAsyncValueTaskMethodBuilder`1.StateMachineBox`1.System.Threading.Tasks.Sources.IValueTaskSource<TResult>.GetResult(Int16 token)
   at System.Net.Security.SslStream.ReadAsyncInternal[TIOAdapter](Memory`1 buffer, CancellationToken cancellationToken)
   at System.Runtime.CompilerServices.PoolingAsyncValueTaskMethodBuilder`1.StateMachineBox`1.System.Threading.Tasks.Sources.IValueTaskSource<TResult>.GetResult(Int16 token)
   at System.Net.Http.HttpConnection.SendAsync(HttpRequestMessage request, Boolean async, CancellationToken cancellationToken)
   --- End of inner exception stack trace ---
   at System.Net.Http.HttpConnection.SendAsync(HttpRequestMessage request, Boolean async, CancellationToken cancellationToken)
   at System.Net.Http.AuthenticationHelper.SendWithNtAuthAsync(HttpRequestMessage request, Uri authUri, Boolean async, ICredentials credentials, Boolean isProxyAuth, HttpConnection connection, HttpConnectionPool connectionPool, CancellationToken cancellationToken)
   at System.Net.Http.HttpConnectionPool.SendWithVersionDetectionAndRetryAsync(HttpRequestMessage request, Boolean async, Boolean doRequestAuth, CancellationToken cancellationToken)
   at System.Net.Http.AuthenticationHelper.SendWithAuthAsync(HttpRequestMessage request, Uri authUri, Boolean async, ICredentials credentials, Boolean preAuthenticate, Boolean isProxyAuth, Boolean doRequestAuth, HttpConnectionPool pool, CancellationToken cancellationToken)
   at System.Net.Http.RedirectHandler.SendAsync(HttpRequestMessage request, Boolean async, CancellationToken cancellationToken)
   at GitHub.Services.Common.RawHttpMessageHandler.SendAsync(HttpRequestMessage request, CancellationToken cancellationToken)
   at GitHub.Services.Common.VssHttpRetryMessageHandler.SendAsync(HttpRequestMessage request, CancellationToken cancellationToken)
   at System.Net.Http.HttpClient.<SendAsync>g__Core|83_0(HttpRequestMessage request, HttpCompletionOption completionOption, CancellationTokenSource cts, Boolean disposeCts, CancellationTokenSource pendingRequestsCts, CancellationToken originalCancellationToken)
[2026-02-12 08:06:37Z ERR  BrokerServer] #####################################################
[2026-02-12 08:06:37Z ERR  BrokerServer] System.IO.IOException: Unable to read data from the transport connection: The I/O operation has been aborted because of either a thread exit or an application request..
 ---> System.Net.Sockets.SocketException (995): The I/O operation has been aborted because of either a thread exit or an application request.
   --- End of inner exception stack trace ---
   at System.Net.Sockets.Socket.AwaitableSocketAsyncEventArgs.ThrowException(SocketError error, CancellationToken cancellationToken)
   at System.Net.Sockets.Socket.AwaitableSocketAsyncEventArgs.System.Threading.Tasks.Sources.IValueTaskSource<System.Int32>.GetResult(Int16 token)
   at System.Net.Security.SslStream.EnsureFullTlsFrameAsync[TIOAdapter](CancellationToken cancellationToken, Int32 estimatedSize)
   at System.Runtime.CompilerServices.PoolingAsyncValueTaskMethodBuilder`1.StateMachineBox`1.System.Threading.Tasks.Sources.IValueTaskSource<TResult>.GetResult(Int16 token)
   at System.Net.Security.SslStream.ReadAsyncInternal[TIOAdapter](Memory`1 buffer, CancellationToken cancellationToken)
   at System.Runtime.CompilerServices.PoolingAsyncValueTaskMethodBuilder`1.StateMachineBox`1.System.Threading.Tasks.Sources.IValueTaskSource<TResult>.GetResult(Int16 token)
   at System.Net.Http.HttpConnection.SendAsync(HttpRequestMessage request, Boolean async, CancellationToken cancellationToken)
[2026-02-12 08:06:37Z ERR  BrokerServer] #####################################################
[2026-02-12 08:06:37Z ERR  BrokerServer] System.Net.Sockets.SocketException (995): The I/O operation has been aborted because of either a thread exit or an application request.
[2026-02-12 08:06:37Z WARN BrokerServer] Back off 9.584 seconds before next retry. 4 attempt left.
[2026-02-12 08:06:37Z INFO BrokerMessageListener] Get next message has been cancelled.
[2026-02-12 08:06:37Z INFO JobDispatcher] Shutting down JobDispatcher. Make sure all WorkerDispatcher has finished.
[2026-02-12 08:06:37Z INFO JobDispatcher] Ensure WorkerDispatcher for job 47ca9cdf-93dc-5d3c-829d-fea91944e610 run to finish, cancel any running job.
[2026-02-12 08:06:37Z INFO JobDispatcher] Job request 47ca9cdf-93dc-5d3c-829d-fea91944e610 processed succeed.
[2026-02-12 08:06:37Z INFO Runner] Deleting Runner Session...
[2026-02-12 08:06:38Z INFO Listener] Runner execution been cancelled.
